c:\users\hp14dq0006la\documents\programacion i\visual studio\proyecto_final\proyecto_final\x64\release\vc142.pdb
c:\users\hp14dq0006la\desktop\programacion i\visual studio\proyecto_final\proyecto_final\x64\release\vc142.pdb
c:\proyectos\plandiario\prograii\proyecto_final\proyecto_final\x64\release\vc142.pdb
c:\proyectos\plandiario\proyecto_final\proyecto_final\x64\release\vc142.pdb
c:\proyectos\plandiario\proyecto_final\proyecto_final\x64\release\ventas_detalle.obj
c:\proyectos\plandiario\proyecto_final\proyecto_final\x64\release\ventas.obj
c:\proyectos\plandiario\proyecto_final\proyecto_final\x64\release\puestos.obj
c:\proyectos\plandiario\proyecto_final\proyecto_final\x64\release\proyecto_final.obj
c:\proyectos\plandiario\proyecto_final\proyecto_final\x64\release\proveedores.obj
c:\proyectos\plandiario\proyecto_final\proyecto_final\x64\release\productos.obj
c:\proyectos\plandiario\proyecto_final\proyecto_final\x64\release\persona.obj
c:\proyectos\plandiario\proyecto_final\proyecto_final\x64\release\marcas.obj
c:\proyectos\plandiario\proyecto_final\proyecto_final\x64\release\empleados.obj
c:\proyectos\plandiario\proyecto_final\proyecto_final\x64\release\detalle_compras.obj
c:\proyectos\plandiario\proyecto_final\proyecto_final\x64\release\conexionbd.obj
c:\proyectos\plandiario\proyecto_final\proyecto_final\x64\release\compras.obj
c:\proyectos\plandiario\proyecto_final\proyecto_final\x64\release\clientes.obj
c:\proyectos\plandiario\proyecto_final\x64\release\proyecto_final.exe
c:\proyectos\plandiario\proyecto_final\proyecto_final\x64\release\proyecto_final.ipdb
c:\proyectos\plandiario\proyecto_final\proyecto_final\x64\release\proyecto_final.iobj
c:\proyectos\plandiario\proyecto_final\x64\release\proyecto_final.pdb
c:\proyectos\plandiario\proyecto_final\proyecto_final\x64\release\conection.obj
c:\proyectos\plandiario\proyecto_final\proyecto_final\x64\release\proyecto_final.tlog\cl.command.1.tlog
c:\proyectos\plandiario\proyecto_final\proyecto_final\x64\release\proyecto_final.tlog\cl.read.1.tlog
c:\proyectos\plandiario\proyecto_final\proyecto_final\x64\release\proyecto_final.tlog\cl.write.1.tlog
c:\proyectos\plandiario\proyecto_final\proyecto_final\x64\release\proyecto_final.tlog\link.command.1.tlog
c:\proyectos\plandiario\proyecto_final\proyecto_final\x64\release\proyecto_final.tlog\link.read.1.tlog
c:\proyectos\plandiario\proyecto_final\proyecto_final\x64\release\proyecto_final.tlog\link.write.1.tlog
